Time resolution is 1 ps
Block Memory Generator module tb_kaReduced.u_kaReduced.u_blkram.inst.\native_mem_module.blk_mem_gen_v8_4_5_inst  is using a behavioral model for simulation which will not precisely model memory collision behavior.
refP[0] stored
refP[1] stored
refP[2] stored
refP[3] stored
refP[4] stored
refP[5] stored
refP[6] stored
refP[7] stored
refP[8] stored
refP[9] stored
========== Case 0 ==========
getP = d999be171aa36e6d5bad1ec39cb6cf19ddc07f701eca2fc65fd3e01ca0dd9072e1e740c922f0f11f63faa175a50451cbe60e02222717b278682162cea92b1324ea34c37b2b3e73d16c482427ad51d47dee5b84d42f65352a706ee580b17895d6f282462d338bf6837495a6d9b59f572ff6a9078637b2b7dc78bc6832b9c61887479c4cb106929c5ac588ec04847f3bae43758b58026bdb01c1622aab80587a553f4ec9fefe4519a8bd3b69527c31b8fc3b2808a5fa1e584fb914a7f9780af7a33701474cf5f796f6b4ede6a073e4364a32da85f3f1d0d59db0c725476fbd74f12eb3c49aedaa1444aca063ee6b96b3982a8d0341e98352eba879a295676ff24
refP = d999be171aa36e6d5bad1ec39cb6cf19ddc07f701eca2fc65fd3e01ca0dd9072e1e740c922f0f11f63faa175a50451cbe60e02222717b278682162cea92b1324ea34c37b2b3e73d16c482427ad51d47dee5b84d42f65352a706ee580b17895d6f282462d338bf6837495a6d9b59f572ff6a9078637b2b7dc78bc6832b9c61887479c4cb106929c5ac588ec04847f3bae43758b58026bdb01c1622aab80587a553f4ec9fefe4519a8bd3b69527c31b8fc3b2808a5fa1e584fb914a7f9780af7a33701474cf5f796f6b4ede6a073e4364a32da85f3f1d0d59db0c725476fbd74f12eb3c49aedaa1444aca063ee6b96b3982a8d0341e98352eba879a295676ff24
~~~~~~~~~PASS~~~~~~~~~
========== Case 1 ==========
getP = 5c1c413d78ee4df595c05aadb2926765cf64741dec3680d609088d8e25da9a4642aca6fe5f7eb3b67c50c06e9922cd26b5f4d9ded2c6e696ef98f34f0c6b0007293d0cbf460f197762e1262f7fb332e79c853f9fb9574c57d629590ff2fb65c80fcd72802c9f7f3849718bf0664398a88315a5609fe7b218bcb9bed0d98bcb883e2555c62153490e04813c55e7af2f9dcadd22e5ae0b162d913909757466fcbd5794f0053ac2e34d1df0d695011ec9dce44cbd24c77ab06caaa8a3b48dd696fc71048a4454327d8c376070d41a8e641bfdbc5763e0ea4aabc4183df3a746313b8a7424836da217cb50d00b1333fdfe5b172bf1a2fa59e4eadd87d832c0b5cb7b
refP = 5c1c413d78ee4df595c05aadb2926765cf64741dec3680d609088d8e25da9a4642aca6fe5f7eb3b67c50c06e9922cd26b5f4d9ded2c6e696ef98f34f0c6b0007293d0cbf460f197762e1262f7fb332e79c853f9fb9574c57d629590ff2fb65c80fcd72802c9f7f3849718bf0664398a88315a5609fe7b218bcb9bed0d98bcb883e2555c62153490e04813c55e7af2f9dcadd22e5ae0b162d913909757466fcbd5794f0053ac2e34d1df0d695011ec9dce44cbd24c77ab06caaa8a3b48dd696fc71048a4454327d8c376070d41a8e641bfdbc5763e0ea4aabc4183df3a746313b8a7424836da217cb50d00b1333fdfe5b172bf1a2fa59e4eadd87d832c0b5cb7b
~~~~~~~~~PASS~~~~~~~~~
========== Case 2 ==========
getP = 1dc974050bfb9a99fa2dc12ee85fe7c3d6920e58c4c434edb2f65b82a12882178f5aa8ac7d8ccf416bbef5d659f11c6b48234300365569952487902a12b9b6bf00ebdd53ef1e03e8dd502a7dcb825112b9b477a7a7e69e3c9618c4d1844aeb66727d11fb60af38904ee15f253d1385ba2b45ac4f1977d2e407a9f978f5dc200da87b5e98ba493803cc17116edde4ead9efb2c44501809db0134e771b251c508636ea29f148b8035c5a85dcc76c53b6327e218f9d8fef6908a1bd4273b38b1bdec558f549d726ceb4e8f4a81ffac2818b0c905af61e5e3461302c0dcc41f9e73753c7c0a265959a0d7763737889314ce39aff264eacccffb9be9ad924d068b29
refP = 1dc974050bfb9a99fa2dc12ee85fe7c3d6920e58c4c434edb2f65b82a12882178f5aa8ac7d8ccf416bbef5d659f11c6b48234300365569952487902a12b9b6bf00ebdd53ef1e03e8dd502a7dcb825112b9b477a7a7e69e3c9618c4d1844aeb66727d11fb60af38904ee15f253d1385ba2b45ac4f1977d2e407a9f978f5dc200da87b5e98ba493803cc17116edde4ead9efb2c44501809db0134e771b251c508636ea29f148b8035c5a85dcc76c53b6327e218f9d8fef6908a1bd4273b38b1bdec558f549d726ceb4e8f4a81ffac2818b0c905af61e5e3461302c0dcc41f9e73753c7c0a265959a0d7763737889314ce39aff264eacccffb9be9ad924d068b29
~~~~~~~~~PASS~~~~~~~~~
========== Case 3 ==========
getP = 5fd0b9f41e6a1d01dd03800f9b9ce31d5a36462b18cfa938d7690c4696026f54549bd2621335356fd1ce987d9067fb8b4f015e990d9ac1a6cc3424b48acd87c24966ead008004dddc699b0eb853313f943cc77070265da14c0ff3d227f98a0303e32033dfccb664bbb64c95979fe2c6738978f74f730f282b5ca55907463b89d735ba7c3b4c244b5f628e1a8378f7e9a78f61b8cba5cb87efbc355713d29f2637e908f55bff72c48015dc93a42c4662c842b031ec591a01106f83d03485ed9f589c576e7cb2c13da0c92b0cc4df94dbe8f5feab0d0c687a3122d24955393c18794fa5e79d660fb6c17c7985e592e35509a94d242dbfb6f351d620c275ec8a91a
refP = 5fd0b9f41e6a1d01dd03800f9b9ce31d5a36462b18cfa938d7690c4696026f54549bd2621335356fd1ce987d9067fb8b4f015e990d9ac1a6cc3424b48acd87c24966ead008004dddc699b0eb853313f943cc77070265da14c0ff3d227f98a0303e32033dfccb664bbb64c95979fe2c6738978f74f730f282b5ca55907463b89d735ba7c3b4c244b5f628e1a8378f7e9a78f61b8cba5cb87efbc355713d29f2637e908f55bff72c48015dc93a42c4662c842b031ec591a01106f83d03485ed9f589c576e7cb2c13da0c92b0cc4df94dbe8f5feab0d0c687a3122d24955393c18794fa5e79d660fb6c17c7985e592e35509a94d242dbfb6f351d620c275ec8a91a
~~~~~~~~~PASS~~~~~~~~~
========== Case 4 ==========
getP = 684e9050e5ddf0a1636d50f1e0fcb1425e8c1192dc1b71e359aad233d73a328454c992d4d258f3254fe85375cd77b3c64b071416c89674674625d4b7c3b5350841449558bed3f5a93c6355f9b9f2b64a3782169ab51176eb32a0d73bb030378c2dbf97dcab4ef82d28de587da66db8ce23fd191ea18c796f1f1bd9bf9cab3a0f499d79becc0e196e4e7eb91dd0ef58cd535ff87cd5d0982c584137dbdab1d78b5d22773adf9316ea6203b699e474564966e4f5f8e95595a86bc63557ee36d50770a774b6f31814667588b415f7f953c57a69f374fcda93247f4b32d401bbd283842c7233069d11e2890db1920b7e51418deef0f1105f90a092d030501540d
refP = 684e9050e5ddf0a1636d50f1e0fcb1425e8c1192dc1b71e359aad233d73a328454c992d4d258f3254fe85375cd77b3c64b071416c89674674625d4b7c3b5350841449558bed3f5a93c6355f9b9f2b64a3782169ab51176eb32a0d73bb030378c2dbf97dcab4ef82d28de587da66db8ce23fd191ea18c796f1f1bd9bf9cab3a0f499d79becc0e196e4e7eb91dd0ef58cd535ff87cd5d0982c584137dbdab1d78b5d22773adf9316ea6203b699e474564966e4f5f8e95595a86bc63557ee36d50770a774b6f31814667588b415f7f953c57a69f374fcda93247f4b32d401bbd283842c7233069d11e2890db1920b7e51418deef0f1105f90a092d030501540d
~~~~~~~~~PASS~~~~~~~~~
========== Case 5 ==========
getP = 70ef881c007f8217900f7c131f9f760eaf2f700a3ebf6a05ce4f64015ddf5dfced6f57f87cff51f40c8f4bef9c1f45eb2baf3fe6bb3f39e24acf33ddda5f2dd969ef27d4f97f21d0890f1bcc189f15c7a82f0fc337bf09bec74f03ba56defdb5e66ef7b175fef1ad058eeba8951ee5a424aedf9fb43ed99b43ced396d35ecd91810fb755f17fbd5a61efc35ed25fc96342cfcf67b33fd56c23afdb70941fe175048fe77974ffed7de56ff38255dff986c64fff8b36c0058fa7300b9417a011988810179cf8801da168f023a5d96029aa49d02faeba4035b32ab03bb79b2041bc0b9047c07c004dc4ec7053c95ce059cdcd505fd23dc065d6ae306bdb1ea071e
refP = 70ef881c007f8217900f7c131f9f760eaf2f700a3ebf6a05ce4f64015ddf5dfced6f57f87cff51f40c8f4bef9c1f45eb2baf3fe6bb3f39e24acf33ddda5f2dd969ef27d4f97f21d0890f1bcc189f15c7a82f0fc337bf09bec74f03ba56defdb5e66ef7b175fef1ad058eeba8951ee5a424aedf9fb43ed99b43ced396d35ecd91810fb755f17fbd5a61efc35ed25fc96342cfcf67b33fd56c23afdb70941fe175048fe77974ffed7de56ff38255dff986c64fff8b36c0058fa7300b9417a011988810179cf8801da168f023a5d96029aa49d02faeba4035b32ab03bb79b2041bc0b9047c07c004dc4ec7053c95ce059cdcd505fd23dc065d6ae306bdb1ea071e
~~~~~~~~~PASS~~~~~~~~~
========== Case 6 ==========
getP = 2093664660c58d28a0f7b40ae129daed215c01cf618e28b1a1c04f93e1f2767622249d586256c43aa288eb1ce2bb11ff22ed38e1631f5fc3a35186a5e383ad8823b5d46a63e7fb4ca41a222ee44c4911247e6ff364b096d5a4e2bdb7e514e49a25470b7c6579325ea5ab5940e5dd8023260fa7056641cde7a673f4c9e6a61babe5b17601a57f4f1f654d283d251b015ae4e8da78a4b6b39664848cb4245265d1e4203eefa3ee180d63bbf12b2389ca48e357a366a3257c8462f355a222c12ebfe28f07dda25ce0fb622aba1921f89336e1c66c54a194457261621e90212ff7ade0fdd0cba0cba9e96099830720675c24e0353542a0030e605fd0e77e1f9ec09c
refP = 2093664660c58d28a0f7b40ae129daed215c01cf618e28b1a1c04f93e1f2767622249d586256c43aa288eb1ce2bb11ff22ed38e1631f5fc3a35186a5e383ad8823b5d46a63e7fb4ca41a222ee44c4911247e6ff364b096d5a4e2bdb7e514e49a25470b7c6579325ea5ab5940e5dd8023260fa7056641cde7a673f4c9e6a61babe5b17601a57f4f1f654d283d251b015ae4e8da78a4b6b39664848cb4245265d1e4203eefa3ee180d63bbf12b2389ca48e357a366a3257c8462f355a222c12ebfe28f07dda25ce0fb622aba1921f89336e1c66c54a194457261621e90212ff7ade0fdd0cba0cba9e96099830720675c24e0353542a0030e605fd0e77e1f9ec09c
~~~~~~~~~PASS~~~~~~~~~
========== Case 7 ==========
getP = 6ef012fa4ea9208a2e622e1a0e1b3ba9edd44939cd8d56c9ad4664598cff71e96cb87f794c718d092c2a9a990be3a828eb9cb5b8cb55c348ab0ed0d88ac7de686a80ebf84a39f98829f3071809ac14a7e9652237c91e2fc7a8d73d5788904ae7684958774802660727bb739707748126e72d8eb6c6e69c46a69fa9d68658b76588319f01a8789171c8bf83e1e9067652094d68c229945b3249db4da26a2240128a693282aab024f2caf71762eb3e09d30b84fc432bcbeeb34c12e1236c59d3938ca0c603ace7b873cd2eaae3ed759d540dbc8fc42e0382344e4a74a46e9167148ed85984af1f4bf4cf663e64efad30d50ff42345303b15b55082082570c8fa96
refP = 6ef012fa4ea9208a2e622e1a0e1b3ba9edd44939cd8d56c9ad4664598cff71e96cb87f794c718d092c2a9a990be3a828eb9cb5b8cb55c348ab0ed0d88ac7de686a80ebf84a39f98829f3071809ac14a7e9652237c91e2fc7a8d73d5788904ae7684958774802660727bb739707748126e72d8eb6c6e69c46a69fa9d68658b76588319f01a8789171c8bf83e1e9067652094d68c229945b3249db4da26a2240128a693282aab024f2caf71762eb3e09d30b84fc432bcbeeb34c12e1236c59d3938ca0c603ace7b873cd2eaae3ed759d540dbc8fc42e0382344e4a74a46e9167148ed85984af1f4bf4cf663e64efad30d50ff42345303b15b55082082570c8fa96
~~~~~~~~~PASS~~~~~~~~~
========== Case 8 ==========
getP = xxxxxxxxxxxxxxxxxxxxxxxxxxxxxxxxxxxxxxxxxxxxxxxxxxxxxxxxxxxxxxxxxxxxxxxxxxxxxxxxxxxxxxxxxxxxxxxxxxxxxxxxxxxxxxxxxxxxxxxxxxxxxxxxxxxxxxxxxxxxxxxxxxxxxxxxxxxxxxxxxxxxxxxxxxxxxxxxxxxxxxxxxxxxxxxxxxxxxxxxxxxxxxxxxxxxxxxxxxxxxxxxxxxxxxxxxxxxxxxxxxxxxxxxxxxxxxxxxxxxxxxxxxxxxxxxxxxxxxxxxxxxxxxxxxxxxxxxxxxxxxxxxxxxxxxxxxxxxxxxxxxxxxxxxxxxxxxxxxxxxxxxxxxxxxxxxxxxxxxxxxxxxxxxxxxxxxxxxxxxxxxxxxxxxxxxxxxxxxxxxxxxxxxxxxxxxxxxxxxxxxxxxxxxxxxxxxxxxxxxxxxxxxxxxxxxxxxxxxxxxxxxxxxxxxxxxxxxxxxxxxxxxxxxxxxxxxxxxxxxxxxxxxxxxxxx
refP = bce9849e00b9ce0d448a177c885a60ebcc2aaa5b0ffaf3ca53cb3d39979b86a8db6bd0181f3c1987630c62f6a6dcac65eaacf5d52e7d3f44724d88b3b61dd222f9ee1b923dbe6501818eae70c55ef7e0092f414f4cff8abe90cfd42dd4a01d9d1870670c5c40b07ba010f9eae3e1435a27b18cc96b81d638af521fa7f3226915bd1fa94a794f5fdb357f166bf1aeccfcadde838d6a0e3a1e263df0aee26da73f9e9d5dd05acd146116fccaf1d32c81828f5c38134b8beea407bba534c3eb5bc5801b12563c4ac8e6f87a7f77b4aa360870d9ec992d09a329e93959baa569104b6198c6dc1dc87d6cd9f833fd9627ea8e5257a11f0e8757afcab70e4086e6c4d2
refP bigger! sub res = xxxxxxxxxxxxxxxxxxxxxxxxxxxxxxxxxxxxxxxxxxxxxxxxxxxxxxxxxxxxxxxxxxxxxxxxxxxxxxxxxxxxxxxxxxxxxxxxxxxxxxxxxxxxxxxxxxxxxxxxxxxxxxxxxxxxxxxxxxxxxxxxxxxxxxxxxxxxxxxxxxxxxxxxxxxxxxxxxxxxxxxxxxxxxxxxxxxxxxxxxxxxxxxxxxxxxxxxxxxxxxxxxxxxxxxxxxxxxxxxxxxxxxxxxxxxxxxxxxxxxxxxxxxxxxxxxxxxxxxxxxxxxxxxxxxxxxxxxxxxxxxxxxxxxxxxxxxxxxxxxxxxxxxxxxxxxxxxxxxxxxxxxxxxxxxxxxxxxxxxxxxxxxxxxxxxxxxxxxxxxxxxxxxxxxxxxxxxxxxxxxxxxxxxxxxxxxxxxxxxxxxxxxxxxxxxxxxxxxxxxxxxxxxxxxxxxxxxxxxxxxxxxxxxxxxxxxxxxxxxxxxxxxxxxxxxxxxxxxxxxxxxxxxxxxxx
========== Case 9 ==========
getP = xxxxxxxxxxxxxxxxxxxxxxxxxxxxxxxxxxxxxxxxxxxxxxxxxxxxxxxxxxxxxxxxxxxxxxxxxxxxxxxxxxxxxxxxxxxxxxxxxxxxxxxxxxxxxxxxxxxxxxxxxxxxxxxxxxxxxxxxxxxxxxxxxxxxxxxxxxxxxxxxxxxxxxxxxxxxxxxxxxxxxxxxxxxxxxxxxxxxxxxxxxxxxxxxxxxxxxxxxxxxxxxxxxxxxxxxxxxxxxxxxxxxxxxxxxxxxxxxxxxxxxxxxxxxxxxxxxxxxxxxxxxxxxxxxxxxxxxxxxxxxxxxxxxxxxxxxxxxxxxxxxxxxxxxxxxxxxxxxxxxxxxxxxxxxxxxxxxxxxxxxxxxxxxxxxxxxxxxxxxxxxxxxxxxxxxxxxxxxxxxxxxxxxxxxxxxxxxxxxxxxxxxxxxxxxxxxxxxxxxxxxxxxxxxxxxxxxxxxxxxxxxxxxxxxxxxxxxxxxxxxxxxxxxxxxxxxxxxxxxxxxxxxxxxxxxx
refP = 5424d1b5f553d8de9682e00737b1e72fd8e0ee587a0ff5811b3efca9bc6e03d25d9d0afafecc12239ffb194c412a2074e259279d83882ec624b735eec5e63d176715444008444b68a97352914aa259b9ebd160e28d00680b2e2f6f33cf5e765c708d7d8511bc84adb2eb8bd6541a92fef5499a279678a15037a7a878d8d6afa0d1bc135e308d0c358f5e050cee2efde44cfff6bbabd0ef930aa1e86a6972e141c843da192714d2f085e5cbc7e4b6c49f4387bd76a258b64e0129af255ffaa7fcbecba0d41d9c99ab7c6d9282db3e8b5a3a0f843198e07d08f7b175e056826eb7b553678f1424606672f5593dd1c6521530974aec8f6843c3ee393c9b4d0a3573
refP bigger! sub res = xxxxxxxxxxxxxxxxxxxxxxxxxxxxxxxxxxxxxxxxxxxxxxxxxxxxxxxxxxxxxxxxxxxxxxxxxxxxxxxxxxxxxxxxxxxxxxxxxxxxxxxxxxxxxxxxxxxxxxxxxxxxxxxxxxxxxxxxxxxxxxxxxxxxxxxxxxxxxxxxxxxxxxxxxxxxxxxxxxxxxxxxxxxxxxxxxxxxxxxxxxxxxxxxxxxxxxxxxxxxxxxxxxxxxxxxxxxxxxxxxxxxxxxxxxxxxxxxxxxxxxxxxxxxxxxxxxxxxxxxxxxxxxxxxxxxxxxxxxxxxxxxxxxxxxxxxxxxxxxxxxxxxxxxxxxxxxxxxxxxxxxxxxxxxxxxxxxxxxxxxxxxxxxxxxxxxxxxxxxxxxxxxxxxxxxxxxxxxxxxxxxxxxxxxxxxxxxxxxxxxxxxxxxxxxxxxxxxxxxxxxxxxxxxxxxxxxxxxxxxxxxxxxxxxxxxxxxxxxxxxxxxxxxxxxxxxxxxxxxxxxxxxxxxxxxx
$finish called at time : 199315 ns : File "/home/hydrangea/project/AMD/karatsuba/karatsuba/karatsuba.srcs/sim_1/new/tb_kaReduced.sv" Line 146
