
*** Running vivado
    with args -log top_kaReduced128_0_0.vds -m64 -product Vivado -mode batch -messageDb vivado.pb -notrace -source top_kaReduced128_0_0.tcl


****** Vivado v2022.2 (64-bit)
  **** SW Build 3671981 on Fri Oct 14 04:59:54 MDT 2022
  **** IP Build 3669848 on Fri Oct 14 08:30:02 MDT 2022
    ** Copyright 1986-2022 Xilinx, Inc. All Rights Reserved.

source top_kaReduced128_0_0.tcl -notrace
INFO: [IP_Flow 19-234] Refreshing IP repositories
INFO: [IP_Flow 19-1704] No user IP repositories specified
INFO: [IP_Flow 19-2313] Loaded Vivado IP repository '/tools/AMD/Vivado/2022.2/data/ip'.
Command: synth_design -top top_kaReduced128_0_0 -part xc7z020clg484-1 -incremental_mode off -mode out_of_context
Starting synth_design
Attempting to get a license for feature 'Synthesis' and/or device 'xc7z020'
INFO: [Common 17-349] Got license for feature 'Synthesis' and/or device 'xc7z020'
INFO: [Device 21-403] Loading part xc7z020clg484-1
INFO: [Synth 8-7079] Multithreading enabled for synth_design using a maximum of 4 processes.
INFO: [Synth 8-7078] Launching helper process for spawning children vivado processes
INFO: [Synth 8-7075] Helper process launched with PID 921525
INFO: [Synth 8-11241] undeclared symbol 'REGCCE', assumed default net type 'wire' [/tools/AMD/Vivado/2022.2/data/verilog/src/unimacro/BRAM_SINGLE_MACRO.v:2170]
---------------------------------------------------------------------------------
Starting RTL Elaboration : Time (s): cpu = 00:00:03 ; elapsed = 00:00:03 . Memory (MB): peak = 2446.562 ; gain = 371.770 ; free physical = 9307 ; free virtual = 42196
Synthesis current peak Physical Memory [PSS] (MB): peak = 1769.562; parent = 1600.322; children = 169.239
Synthesis current peak Virtual Memory [VSS] (MB): peak = 3437.613; parent = 2449.535; children = 988.078
---------------------------------------------------------------------------------
INFO: [Synth 8-6157] synthesizing module 'top_kaReduced128_0_0' [/home/hydrangea/project/AMD/karatsuba/karatsuba/karatsuba.gen/sources_1/bd/top/ip/top_kaReduced128_0_0/synth/top_kaReduced128_0_0.v:53]
INFO: [Synth 8-6157] synthesizing module 'kaReduced128' [/home/hydrangea/project/AMD/karatsuba/karatsuba/karatsuba.srcs/sources_1/new/kaReduced128.v:4]
INFO: [Synth 8-6157] synthesizing module 'ka128' [/home/hydrangea/project/AMD/karatsuba/karatsuba/karatsuba.srcs/sources_1/new/ka128.v:1]
INFO: [Synth 8-6157] synthesizing module 'ka64' [/home/hydrangea/project/AMD/karatsuba/karatsuba/karatsuba.srcs/sources_1/new/ka64.v:1]
INFO: [Synth 8-6157] synthesizing module 'ka32' [/home/hydrangea/project/AMD/karatsuba/karatsuba/karatsuba.srcs/sources_1/new/ka32.v:2]
INFO: [Synth 8-6157] synthesizing module 'dsp_macro' [/home/hydrangea/project/AMD/karatsuba/karatsuba/karatsuba.runs/top_kaReduced128_0_0_synth_1/.Xil/Vivado-921461-C58/realtime/dsp_macro_stub.v:5]
INFO: [Synth 8-6155] done synthesizing module 'dsp_macro' (0#1) [/home/hydrangea/project/AMD/karatsuba/karatsuba/karatsuba.runs/top_kaReduced128_0_0_synth_1/.Xil/Vivado-921461-C58/realtime/dsp_macro_stub.v:5]
INFO: [Synth 8-6155] done synthesizing module 'ka32' (0#1) [/home/hydrangea/project/AMD/karatsuba/karatsuba/karatsuba.srcs/sources_1/new/ka32.v:2]
INFO: [Synth 8-6155] done synthesizing module 'ka64' (0#1) [/home/hydrangea/project/AMD/karatsuba/karatsuba/karatsuba.srcs/sources_1/new/ka64.v:1]
INFO: [Synth 8-6155] done synthesizing module 'ka128' (0#1) [/home/hydrangea/project/AMD/karatsuba/karatsuba/karatsuba.srcs/sources_1/new/ka128.v:1]
INFO: [Synth 8-6157] synthesizing module 'blk_mem_gen_0' [/home/hydrangea/project/AMD/karatsuba/karatsuba/karatsuba.runs/top_kaReduced128_0_0_synth_1/.Xil/Vivado-921461-C58/realtime/blk_mem_gen_0_stub.v:5]
INFO: [Synth 8-6155] done synthesizing module 'blk_mem_gen_0' (0#1) [/home/hydrangea/project/AMD/karatsuba/karatsuba/karatsuba.runs/top_kaReduced128_0_0_synth_1/.Xil/Vivado-921461-C58/realtime/blk_mem_gen_0_stub.v:5]
WARNING: [Synth 8-689] width (7) of port connection 'addrb' does not match port width (6) of module 'blk_mem_gen_0' [/home/hydrangea/project/AMD/karatsuba/karatsuba/karatsuba.srcs/sources_1/new/kaReduced128.v:152]
INFO: [Synth 8-6157] synthesizing module 'wide_adder' [/home/hydrangea/project/AMD/karatsuba/karatsuba/karatsuba.srcs/sources_1/new/wide_adder.v:4]
INFO: [Synth 8-6155] done synthesizing module 'wide_adder' (0#1) [/home/hydrangea/project/AMD/karatsuba/karatsuba/karatsuba.srcs/sources_1/new/wide_adder.v:4]
INFO: [Synth 8-6155] done synthesizing module 'kaReduced128' (0#1) [/home/hydrangea/project/AMD/karatsuba/karatsuba/karatsuba.srcs/sources_1/new/kaReduced128.v:4]
INFO: [Synth 8-6155] done synthesizing module 'top_kaReduced128_0_0' (0#1) [/home/hydrangea/project/AMD/karatsuba/karatsuba/karatsuba.gen/sources_1/bd/top/ip/top_kaReduced128_0_0/synth/top_kaReduced128_0_0.v:53]
WARNING: [Synth 8-6014] Unused sequential element aSumD_reg[4] was removed.  [/home/hydrangea/project/AMD/karatsuba/karatsuba/karatsuba.srcs/sources_1/new/ka32.v:26]
WARNING: [Synth 8-6014] Unused sequential element aSumD_reg[5] was removed.  [/home/hydrangea/project/AMD/karatsuba/karatsuba/karatsuba.srcs/sources_1/new/ka32.v:26]
WARNING: [Synth 8-6014] Unused sequential element aSumD_reg[6] was removed.  [/home/hydrangea/project/AMD/karatsuba/karatsuba/karatsuba.srcs/sources_1/new/ka32.v:26]
WARNING: [Synth 8-6014] Unused sequential element aSumD_reg[7] was removed.  [/home/hydrangea/project/AMD/karatsuba/karatsuba/karatsuba.srcs/sources_1/new/ka32.v:26]
WARNING: [Synth 8-6014] Unused sequential element aSumD_reg[8] was removed.  [/home/hydrangea/project/AMD/karatsuba/karatsuba/karatsuba.srcs/sources_1/new/ka32.v:26]
WARNING: [Synth 8-6014] Unused sequential element aSumD_reg[9] was removed.  [/home/hydrangea/project/AMD/karatsuba/karatsuba/karatsuba.srcs/sources_1/new/ka32.v:26]
WARNING: [Synth 8-6014] Unused sequential element aSumD_reg[10] was removed.  [/home/hydrangea/project/AMD/karatsuba/karatsuba/karatsuba.srcs/sources_1/new/ka32.v:26]
WARNING: [Synth 8-6014] Unused sequential element aSumD_reg[11] was removed.  [/home/hydrangea/project/AMD/karatsuba/karatsuba/karatsuba.srcs/sources_1/new/ka32.v:26]
WARNING: [Synth 8-6014] Unused sequential element aSumD_reg[12] was removed.  [/home/hydrangea/project/AMD/karatsuba/karatsuba/karatsuba.srcs/sources_1/new/ka32.v:26]
WARNING: [Synth 8-6014] Unused sequential element aSumD_reg[13] was removed.  [/home/hydrangea/project/AMD/karatsuba/karatsuba/karatsuba.srcs/sources_1/new/ka32.v:26]
WARNING: [Synth 8-6014] Unused sequential element aSumD_reg[14] was removed.  [/home/hydrangea/project/AMD/karatsuba/karatsuba/karatsuba.srcs/sources_1/new/ka32.v:26]
WARNING: [Synth 8-6014] Unused sequential element aSumD_reg[15] was removed.  [/home/hydrangea/project/AMD/karatsuba/karatsuba/karatsuba.srcs/sources_1/new/ka32.v:26]
WARNING: [Synth 8-6014] Unused sequential element aSumD_reg[16] was removed.  [/home/hydrangea/project/AMD/karatsuba/karatsuba/karatsuba.srcs/sources_1/new/ka32.v:26]
WARNING: [Synth 8-6014] Unused sequential element aSumD_reg[17] was removed.  [/home/hydrangea/project/AMD/karatsuba/karatsuba/karatsuba.srcs/sources_1/new/ka32.v:26]
WARNING: [Synth 8-6014] Unused sequential element aSumD_reg[18] was removed.  [/home/hydrangea/project/AMD/karatsuba/karatsuba/karatsuba.srcs/sources_1/new/ka32.v:26]
WARNING: [Synth 8-6014] Unused sequential element aSumD_reg[19] was removed.  [/home/hydrangea/project/AMD/karatsuba/karatsuba/karatsuba.srcs/sources_1/new/ka32.v:26]
WARNING: [Synth 8-6014] Unused sequential element aSumD_reg[20] was removed.  [/home/hydrangea/project/AMD/karatsuba/karatsuba/karatsuba.srcs/sources_1/new/ka32.v:26]
WARNING: [Synth 8-6014] Unused sequential element aSumD_reg[21] was removed.  [/home/hydrangea/project/AMD/karatsuba/karatsuba/karatsuba.srcs/sources_1/new/ka32.v:26]
WARNING: [Synth 8-6014] Unused sequential element aSumD_reg[22] was removed.  [/home/hydrangea/project/AMD/karatsuba/karatsuba/karatsuba.srcs/sources_1/new/ka32.v:26]
WARNING: [Synth 8-6014] Unused sequential element aSumD_reg[23] was removed.  [/home/hydrangea/project/AMD/karatsuba/karatsuba/karatsuba.srcs/sources_1/new/ka32.v:26]
WARNING: [Synth 8-6014] Unused sequential element aSumD_reg[24] was removed.  [/home/hydrangea/project/AMD/karatsuba/karatsuba/karatsuba.srcs/sources_1/new/ka32.v:26]
WARNING: [Synth 8-6014] Unused sequential element bSumD_reg[4] was removed.  [/home/hydrangea/project/AMD/karatsuba/karatsuba/karatsuba.srcs/sources_1/new/ka32.v:27]
WARNING: [Synth 8-6014] Unused sequential element bSumD_reg[5] was removed.  [/home/hydrangea/project/AMD/karatsuba/karatsuba/karatsuba.srcs/sources_1/new/ka32.v:27]
WARNING: [Synth 8-6014] Unused sequential element bSumD_reg[6] was removed.  [/home/hydrangea/project/AMD/karatsuba/karatsuba/karatsuba.srcs/sources_1/new/ka32.v:27]
WARNING: [Synth 8-6014] Unused sequential element bSumD_reg[7] was removed.  [/home/hydrangea/project/AMD/karatsuba/karatsuba/karatsuba.srcs/sources_1/new/ka32.v:27]
WARNING: [Synth 8-6014] Unused sequential element bSumD_reg[8] was removed.  [/home/hydrangea/project/AMD/karatsuba/karatsuba/karatsuba.srcs/sources_1/new/ka32.v:27]
WARNING: [Synth 8-6014] Unused sequential element bSumD_reg[9] was removed.  [/home/hydrangea/project/AMD/karatsuba/karatsuba/karatsuba.srcs/sources_1/new/ka32.v:27]
WARNING: [Synth 8-6014] Unused sequential element bSumD_reg[10] was removed.  [/home/hydrangea/project/AMD/karatsuba/karatsuba/karatsuba.srcs/sources_1/new/ka32.v:27]
WARNING: [Synth 8-6014] Unused sequential element bSumD_reg[11] was removed.  [/home/hydrangea/project/AMD/karatsuba/karatsuba/karatsuba.srcs/sources_1/new/ka32.v:27]
WARNING: [Synth 8-6014] Unused sequential element bSumD_reg[12] was removed.  [/home/hydrangea/project/AMD/karatsuba/karatsuba/karatsuba.srcs/sources_1/new/ka32.v:27]
WARNING: [Synth 8-6014] Unused sequential element bSumD_reg[13] was removed.  [/home/hydrangea/project/AMD/karatsuba/karatsuba/karatsuba.srcs/sources_1/new/ka32.v:27]
WARNING: [Synth 8-6014] Unused sequential element bSumD_reg[14] was removed.  [/home/hydrangea/project/AMD/karatsuba/karatsuba/karatsuba.srcs/sources_1/new/ka32.v:27]
WARNING: [Synth 8-6014] Unused sequential element bSumD_reg[15] was removed.  [/home/hydrangea/project/AMD/karatsuba/karatsuba/karatsuba.srcs/sources_1/new/ka32.v:27]
WARNING: [Synth 8-6014] Unused sequential element bSumD_reg[16] was removed.  [/home/hydrangea/project/AMD/karatsuba/karatsuba/karatsuba.srcs/sources_1/new/ka32.v:27]
WARNING: [Synth 8-6014] Unused sequential element bSumD_reg[17] was removed.  [/home/hydrangea/project/AMD/karatsuba/karatsuba/karatsuba.srcs/sources_1/new/ka32.v:27]
WARNING: [Synth 8-6014] Unused sequential element bSumD_reg[18] was removed.  [/home/hydrangea/project/AMD/karatsuba/karatsuba/karatsuba.srcs/sources_1/new/ka32.v:27]
WARNING: [Synth 8-6014] Unused sequential element bSumD_reg[19] was removed.  [/home/hydrangea/project/AMD/karatsuba/karatsuba/karatsuba.srcs/sources_1/new/ka32.v:27]
WARNING: [Synth 8-6014] Unused sequential element bSumD_reg[20] was removed.  [/home/hydrangea/project/AMD/karatsuba/karatsuba/karatsuba.srcs/sources_1/new/ka32.v:27]
WARNING: [Synth 8-6014] Unused sequential element bSumD_reg[21] was removed.  [/home/hydrangea/project/AMD/karatsuba/karatsuba/karatsuba.srcs/sources_1/new/ka32.v:27]
WARNING: [Synth 8-6014] Unused sequential element bSumD_reg[22] was removed.  [/home/hydrangea/project/AMD/karatsuba/karatsuba/karatsuba.srcs/sources_1/new/ka32.v:27]
WARNING: [Synth 8-6014] Unused sequential element bSumD_reg[23] was removed.  [/home/hydrangea/project/AMD/karatsuba/karatsuba/karatsuba.srcs/sources_1/new/ka32.v:27]
WARNING: [Synth 8-6014] Unused sequential element bSumD_reg[24] was removed.  [/home/hydrangea/project/AMD/karatsuba/karatsuba/karatsuba.srcs/sources_1/new/ka32.v:27]
WARNING: [Synth 8-6014] Unused sequential element aSumD_reg[7] was removed.  [/home/hydrangea/project/AMD/karatsuba/karatsuba/karatsuba.srcs/sources_1/new/ka64.v:25]
WARNING: [Synth 8-6014] Unused sequential element aSumD_reg[8] was removed.  [/home/hydrangea/project/AMD/karatsuba/karatsuba/karatsuba.srcs/sources_1/new/ka64.v:25]
WARNING: [Synth 8-6014] Unused sequential element aSumD_reg[9] was removed.  [/home/hydrangea/project/AMD/karatsuba/karatsuba/karatsuba.srcs/sources_1/new/ka64.v:25]
WARNING: [Synth 8-6014] Unused sequential element aSumD_reg[10] was removed.  [/home/hydrangea/project/AMD/karatsuba/karatsuba/karatsuba.srcs/sources_1/new/ka64.v:25]
WARNING: [Synth 8-6014] Unused sequential element aSumD_reg[11] was removed.  [/home/hydrangea/project/AMD/karatsuba/karatsuba/karatsuba.srcs/sources_1/new/ka64.v:25]
WARNING: [Synth 8-6014] Unused sequential element aSumD_reg[12] was removed.  [/home/hydrangea/project/AMD/karatsuba/karatsuba/karatsuba.srcs/sources_1/new/ka64.v:25]
WARNING: [Synth 8-6014] Unused sequential element aSumD_reg[13] was removed.  [/home/hydrangea/project/AMD/karatsuba/karatsuba/karatsuba.srcs/sources_1/new/ka64.v:25]
WARNING: [Synth 8-6014] Unused sequential element aSumD_reg[14] was removed.  [/home/hydrangea/project/AMD/karatsuba/karatsuba/karatsuba.srcs/sources_1/new/ka64.v:25]
WARNING: [Synth 8-6014] Unused sequential element aSumD_reg[15] was removed.  [/home/hydrangea/project/AMD/karatsuba/karatsuba/karatsuba.srcs/sources_1/new/ka64.v:25]
WARNING: [Synth 8-6014] Unused sequential element aSumD_reg[16] was removed.  [/home/hydrangea/project/AMD/karatsuba/karatsuba/karatsuba.srcs/sources_1/new/ka64.v:25]
WARNING: [Synth 8-6014] Unused sequential element aSumD_reg[17] was removed.  [/home/hydrangea/project/AMD/karatsuba/karatsuba/karatsuba.srcs/sources_1/new/ka64.v:25]
WARNING: [Synth 8-6014] Unused sequential element aSumD_reg[18] was removed.  [/home/hydrangea/project/AMD/karatsuba/karatsuba/karatsuba.srcs/sources_1/new/ka64.v:25]
WARNING: [Synth 8-6014] Unused sequential element aSumD_reg[19] was removed.  [/home/hydrangea/project/AMD/karatsuba/karatsuba/karatsuba.srcs/sources_1/new/ka64.v:25]
WARNING: [Synth 8-6014] Unused sequential element aSumD_reg[20] was removed.  [/home/hydrangea/project/AMD/karatsuba/karatsuba/karatsuba.srcs/sources_1/new/ka64.v:25]
WARNING: [Synth 8-6014] Unused sequential element aSumD_reg[21] was removed.  [/home/hydrangea/project/AMD/karatsuba/karatsuba/karatsuba.srcs/sources_1/new/ka64.v:25]
WARNING: [Synth 8-6014] Unused sequential element aSumD_reg[22] was removed.  [/home/hydrangea/project/AMD/karatsuba/karatsuba/karatsuba.srcs/sources_1/new/ka64.v:25]
WARNING: [Synth 8-6014] Unused sequential element aSumD_reg[23] was removed.  [/home/hydrangea/project/AMD/karatsuba/karatsuba/karatsuba.srcs/sources_1/new/ka64.v:25]
WARNING: [Synth 8-6014] Unused sequential element aSumD_reg[24] was removed.  [/home/hydrangea/project/AMD/karatsuba/karatsuba/karatsuba.srcs/sources_1/new/ka64.v:25]
WARNING: [Synth 8-6014] Unused sequential element bSumD_reg[7] was removed.  [/home/hydrangea/project/AMD/karatsuba/karatsuba/karatsuba.srcs/sources_1/new/ka64.v:26]
WARNING: [Synth 8-6014] Unused sequential element bSumD_reg[8] was removed.  [/home/hydrangea/project/AMD/karatsuba/karatsuba/karatsuba.srcs/sources_1/new/ka64.v:26]
WARNING: [Synth 8-6014] Unused sequential element bSumD_reg[9] was removed.  [/home/hydrangea/project/AMD/karatsuba/karatsuba/karatsuba.srcs/sources_1/new/ka64.v:26]
WARNING: [Synth 8-6014] Unused sequential element bSumD_reg[10] was removed.  [/home/hydrangea/project/AMD/karatsuba/karatsuba/karatsuba.srcs/sources_1/new/ka64.v:26]
WARNING: [Synth 8-6014] Unused sequential element bSumD_reg[11] was removed.  [/home/hydrangea/project/AMD/karatsuba/karatsuba/karatsuba.srcs/sources_1/new/ka64.v:26]
WARNING: [Synth 8-6014] Unused sequential element bSumD_reg[12] was removed.  [/home/hydrangea/project/AMD/karatsuba/karatsuba/karatsuba.srcs/sources_1/new/ka64.v:26]
WARNING: [Synth 8-6014] Unused sequential element bSumD_reg[13] was removed.  [/home/hydrangea/project/AMD/karatsuba/karatsuba/karatsuba.srcs/sources_1/new/ka64.v:26]
WARNING: [Synth 8-6014] Unused sequential element bSumD_reg[14] was removed.  [/home/hydrangea/project/AMD/karatsuba/karatsuba/karatsuba.srcs/sources_1/new/ka64.v:26]
WARNING: [Synth 8-6014] Unused sequential element bSumD_reg[15] was removed.  [/home/hydrangea/project/AMD/karatsuba/karatsuba/karatsuba.srcs/sources_1/new/ka64.v:26]
WARNING: [Synth 8-6014] Unused sequential element bSumD_reg[16] was removed.  [/home/hydrangea/project/AMD/karatsuba/karatsuba/karatsuba.srcs/sources_1/new/ka64.v:26]
WARNING: [Synth 8-6014] Unused sequential element bSumD_reg[17] was removed.  [/home/hydrangea/project/AMD/karatsuba/karatsuba/karatsuba.srcs/sources_1/new/ka64.v:26]
WARNING: [Synth 8-6014] Unused sequential element bSumD_reg[18] was removed.  [/home/hydrangea/project/AMD/karatsuba/karatsuba/karatsuba.srcs/sources_1/new/ka64.v:26]
WARNING: [Synth 8-6014] Unused sequential element bSumD_reg[19] was removed.  [/home/hydrangea/project/AMD/karatsuba/karatsuba/karatsuba.srcs/sources_1/new/ka64.v:26]
WARNING: [Synth 8-6014] Unused sequential element bSumD_reg[20] was removed.  [/home/hydrangea/project/AMD/karatsuba/karatsuba/karatsuba.srcs/sources_1/new/ka64.v:26]
WARNING: [Synth 8-6014] Unused sequential element bSumD_reg[21] was removed.  [/home/hydrangea/project/AMD/karatsuba/karatsuba/karatsuba.srcs/sources_1/new/ka64.v:26]
WARNING: [Synth 8-6014] Unused sequential element bSumD_reg[22] was removed.  [/home/hydrangea/project/AMD/karatsuba/karatsuba/karatsuba.srcs/sources_1/new/ka64.v:26]
WARNING: [Synth 8-6014] Unused sequential element bSumD_reg[23] was removed.  [/home/hydrangea/project/AMD/karatsuba/karatsuba/karatsuba.srcs/sources_1/new/ka64.v:26]
WARNING: [Synth 8-6014] Unused sequential element bSumD_reg[24] was removed.  [/home/hydrangea/project/AMD/karatsuba/karatsuba/karatsuba.srcs/sources_1/new/ka64.v:26]
WARNING: [Synth 8-6014] Unused sequential element aSumD_reg[10] was removed.  [/home/hydrangea/project/AMD/karatsuba/karatsuba/karatsuba.srcs/sources_1/new/ka128.v:25]
WARNING: [Synth 8-6014] Unused sequential element aSumD_reg[11] was removed.  [/home/hydrangea/project/AMD/karatsuba/karatsuba/karatsuba.srcs/sources_1/new/ka128.v:25]
WARNING: [Synth 8-6014] Unused sequential element aSumD_reg[12] was removed.  [/home/hydrangea/project/AMD/karatsuba/karatsuba/karatsuba.srcs/sources_1/new/ka128.v:25]
WARNING: [Synth 8-6014] Unused sequential element aSumD_reg[13] was removed.  [/home/hydrangea/project/AMD/karatsuba/karatsuba/karatsuba.srcs/sources_1/new/ka128.v:25]
WARNING: [Synth 8-6014] Unused sequential element aSumD_reg[14] was removed.  [/home/hydrangea/project/AMD/karatsuba/karatsuba/karatsuba.srcs/sources_1/new/ka128.v:25]
WARNING: [Synth 8-6014] Unused sequential element aSumD_reg[15] was removed.  [/home/hydrangea/project/AMD/karatsuba/karatsuba/karatsuba.srcs/sources_1/new/ka128.v:25]
WARNING: [Synth 8-6014] Unused sequential element aSumD_reg[16] was removed.  [/home/hydrangea/project/AMD/karatsuba/karatsuba/karatsuba.srcs/sources_1/new/ka128.v:25]
WARNING: [Synth 8-6014] Unused sequential element aSumD_reg[17] was removed.  [/home/hydrangea/project/AMD/karatsuba/karatsuba/karatsuba.srcs/sources_1/new/ka128.v:25]
WARNING: [Synth 8-6014] Unused sequential element aSumD_reg[18] was removed.  [/home/hydrangea/project/AMD/karatsuba/karatsuba/karatsuba.srcs/sources_1/new/ka128.v:25]
WARNING: [Synth 8-6014] Unused sequential element aSumD_reg[19] was removed.  [/home/hydrangea/project/AMD/karatsuba/karatsuba/karatsuba.srcs/sources_1/new/ka128.v:25]
WARNING: [Synth 8-6014] Unused sequential element aSumD_reg[20] was removed.  [/home/hydrangea/project/AMD/karatsuba/karatsuba/karatsuba.srcs/sources_1/new/ka128.v:25]
WARNING: [Synth 8-6014] Unused sequential element aSumD_reg[21] was removed.  [/home/hydrangea/project/AMD/karatsuba/karatsuba/karatsuba.srcs/sources_1/new/ka128.v:25]
WARNING: [Synth 8-6014] Unused sequential element aSumD_reg[22] was removed.  [/home/hydrangea/project/AMD/karatsuba/karatsuba/karatsuba.srcs/sources_1/new/ka128.v:25]
WARNING: [Synth 8-6014] Unused sequential element aSumD_reg[23] was removed.  [/home/hydrangea/project/AMD/karatsuba/karatsuba/karatsuba.srcs/sources_1/new/ka128.v:25]
WARNING: [Synth 8-6014] Unused sequential element aSumD_reg[24] was removed.  [/home/hydrangea/project/AMD/karatsuba/karatsuba/karatsuba.srcs/sources_1/new/ka128.v:25]
WARNING: [Synth 8-6014] Unused sequential element bSumD_reg[10] was removed.  [/home/hydrangea/project/AMD/karatsuba/karatsuba/karatsuba.srcs/sources_1/new/ka128.v:26]
WARNING: [Synth 8-6014] Unused sequential element bSumD_reg[11] was removed.  [/home/hydrangea/project/AMD/karatsuba/karatsuba/karatsuba.srcs/sources_1/new/ka128.v:26]
WARNING: [Synth 8-6014] Unused sequential element bSumD_reg[12] was removed.  [/home/hydrangea/project/AMD/karatsuba/karatsuba/karatsuba.srcs/sources_1/new/ka128.v:26]
WARNING: [Synth 8-6014] Unused sequential element bSumD_reg[13] was removed.  [/home/hydrangea/project/AMD/karatsuba/karatsuba/karatsuba.srcs/sources_1/new/ka128.v:26]
WARNING: [Synth 8-6014] Unused sequential element bSumD_reg[14] was removed.  [/home/hydrangea/project/AMD/karatsuba/karatsuba/karatsuba.srcs/sources_1/new/ka128.v:26]
WARNING: [Synth 8-6014] Unused sequential element bSumD_reg[15] was removed.  [/home/hydrangea/project/AMD/karatsuba/karatsuba/karatsuba.srcs/sources_1/new/ka128.v:26]
WARNING: [Synth 8-6014] Unused sequential element bSumD_reg[16] was removed.  [/home/hydrangea/project/AMD/karatsuba/karatsuba/karatsuba.srcs/sources_1/new/ka128.v:26]
INFO: [Common 17-14] Message 'Synth 8-6014' appears 100 times and further instances of the messages will be disabled. Use the Tcl command set_msg_config to change the current settings.
---------------------------------------------------------------------------------
Finished RTL Elaboration : Time (s): cpu = 00:00:04 ; elapsed = 00:00:05 . Memory (MB): peak = 2554.016 ; gain = 479.223 ; free physical = 9115 ; free virtual = 42068
Synthesis current peak Physical Memory [PSS] (MB): peak = 1769.562; parent = 1600.322; children = 169.239
Synthesis current peak Virtual Memory [VSS] (MB): peak = 3542.098; parent = 2554.020; children = 988.078
---------------------------------------------------------------------------------
---------------------------------------------------------------------------------
Start Handling Custom Attributes
---------------------------------------------------------------------------------
---------------------------------------------------------------------------------
Finished Handling Custom Attributes : Time (s): cpu = 00:00:04 ; elapsed = 00:00:05 . Memory (MB): peak = 2571.828 ; gain = 497.035 ; free physical = 9117 ; free virtual = 42070
Synthesis current peak Physical Memory [PSS] (MB): peak = 1769.562; parent = 1600.322; children = 169.239
Synthesis current peak Virtual Memory [VSS] (MB): peak = 3559.910; parent = 2571.832; children = 988.078
---------------------------------------------------------------------------------
---------------------------------------------------------------------------------
Finished RTL Optimization Phase 1 : Time (s): cpu = 00:00:04 ; elapsed = 00:00:05 . Memory (MB): peak = 2571.828 ; gain = 497.035 ; free physical = 9117 ; free virtual = 42070
Synthesis current peak Physical Memory [PSS] (MB): peak = 1769.562; parent = 1600.322; children = 169.239
Synthesis current peak Virtual Memory [VSS] (MB): peak = 3559.910; parent = 2571.832; children = 988.078
---------------------------------------------------------------------------------
Netlist sorting complete. Time (s): cpu = 00:00:00.2 ; elapsed = 00:00:00.21 . Memory (MB): peak = 2571.828 ; gain = 0.000 ; free physical = 9073 ; free virtual = 42033
INFO: [Project 1-570] Preparing netlist for logic optimization

Processing XDC Constraints
Initializing timing engine
Parsing XDC File [/home/hydrangea/project/AMD/karatsuba/karatsuba/karatsuba.gen/sources_1/ip/blk_mem_gen_0/blk_mem_gen_0/blk_mem_gen_0_in_context.xdc] for cell 'inst/u_blkram'
Finished Parsing XDC File [/home/hydrangea/project/AMD/karatsuba/karatsuba/karatsuba.gen/sources_1/ip/blk_mem_gen_0/blk_mem_gen_0/blk_mem_gen_0_in_context.xdc] for cell 'inst/u_blkram'
Parsing XDC File [/home/hydrangea/project/AMD/karatsuba/karatsuba/karatsuba.gen/sources_1/ip/dsp_macro/dsp_macro/dsp_macro_in_context.xdc] for cell 'inst/u_ka128/ka64_inst2/ka32_inst2/multLow'
Finished Parsing XDC File [/home/hydrangea/project/AMD/karatsuba/karatsuba/karatsuba.gen/sources_1/ip/dsp_macro/dsp_macro/dsp_macro_in_context.xdc] for cell 'inst/u_ka128/ka64_inst2/ka32_inst2/multLow'
Parsing XDC File [/home/hydrangea/project/AMD/karatsuba/karatsuba/karatsuba.gen/sources_1/ip/dsp_macro/dsp_macro/dsp_macro_in_context.xdc] for cell 'inst/u_ka128/ka64_inst2/ka32_inst2/multMid'
Finished Parsing XDC File [/home/hydrangea/project/AMD/karatsuba/karatsuba/karatsuba.gen/sources_1/ip/dsp_macro/dsp_macro/dsp_macro_in_context.xdc] for cell 'inst/u_ka128/ka64_inst2/ka32_inst2/multMid'
Parsing XDC File [/home/hydrangea/project/AMD/karatsuba/karatsuba/karatsuba.gen/sources_1/ip/dsp_macro/dsp_macro/dsp_macro_in_context.xdc] for cell 'inst/u_ka128/ka64_inst2/ka32_inst2/multHi'
Finished Parsing XDC File [/home/hydrangea/project/AMD/karatsuba/karatsuba/karatsuba.gen/sources_1/ip/dsp_macro/dsp_macro/dsp_macro_in_context.xdc] for cell 'inst/u_ka128/ka64_inst2/ka32_inst2/multHi'
Parsing XDC File [/home/hydrangea/project/AMD/karatsuba/karatsuba/karatsuba.gen/sources_1/ip/dsp_macro/dsp_macro/dsp_macro_in_context.xdc] for cell 'inst/u_ka128/ka64_inst2/ka32_inst1/multLow'
Finished Parsing XDC File [/home/hydrangea/project/AMD/karatsuba/karatsuba/karatsuba.gen/sources_1/ip/dsp_macro/dsp_macro/dsp_macro_in_context.xdc] for cell 'inst/u_ka128/ka64_inst2/ka32_inst1/multLow'
Parsing XDC File [/home/hydrangea/project/AMD/karatsuba/karatsuba/karatsuba.gen/sources_1/ip/dsp_macro/dsp_macro/dsp_macro_in_context.xdc] for cell 'inst/u_ka128/ka64_inst2/ka32_inst1/multMid'
Finished Parsing XDC File [/home/hydrangea/project/AMD/karatsuba/karatsuba/karatsuba.gen/sources_1/ip/dsp_macro/dsp_macro/dsp_macro_in_context.xdc] for cell 'inst/u_ka128/ka64_inst2/ka32_inst1/multMid'
Parsing XDC File [/home/hydrangea/project/AMD/karatsuba/karatsuba/karatsuba.gen/sources_1/ip/dsp_macro/dsp_macro/dsp_macro_in_context.xdc] for cell 'inst/u_ka128/ka64_inst2/ka32_inst1/multHi'
Finished Parsing XDC File [/home/hydrangea/project/AMD/karatsuba/karatsuba/karatsuba.gen/sources_1/ip/dsp_macro/dsp_macro/dsp_macro_in_context.xdc] for cell 'inst/u_ka128/ka64_inst2/ka32_inst1/multHi'
Parsing XDC File [/home/hydrangea/project/AMD/karatsuba/karatsuba/karatsuba.gen/sources_1/ip/dsp_macro/dsp_macro/dsp_macro_in_context.xdc] for cell 'inst/u_ka128/ka64_inst2/ka32_inst0/multLow'
Finished Parsing XDC File [/home/hydrangea/project/AMD/karatsuba/karatsuba/karatsuba.gen/sources_1/ip/dsp_macro/dsp_macro/dsp_macro_in_context.xdc] for cell 'inst/u_ka128/ka64_inst2/ka32_inst0/multLow'
Parsing XDC File [/home/hydrangea/project/AMD/karatsuba/karatsuba/karatsuba.gen/sources_1/ip/dsp_macro/dsp_macro/dsp_macro_in_context.xdc] for cell 'inst/u_ka128/ka64_inst2/ka32_inst0/multMid'
Finished Parsing XDC File [/home/hydrangea/project/AMD/karatsuba/karatsuba/karatsuba.gen/sources_1/ip/dsp_macro/dsp_macro/dsp_macro_in_context.xdc] for cell 'inst/u_ka128/ka64_inst2/ka32_inst0/multMid'
Parsing XDC File [/home/hydrangea/project/AMD/karatsuba/karatsuba/karatsuba.gen/sources_1/ip/dsp_macro/dsp_macro/dsp_macro_in_context.xdc] for cell 'inst/u_ka128/ka64_inst2/ka32_inst0/multHi'
Finished Parsing XDC File [/home/hydrangea/project/AMD/karatsuba/karatsuba/karatsuba.gen/sources_1/ip/dsp_macro/dsp_macro/dsp_macro_in_context.xdc] for cell 'inst/u_ka128/ka64_inst2/ka32_inst0/multHi'
Parsing XDC File [/home/hydrangea/project/AMD/karatsuba/karatsuba/karatsuba.gen/sources_1/ip/dsp_macro/dsp_macro/dsp_macro_in_context.xdc] for cell 'inst/u_ka128/ka64_inst1/ka32_inst2/multLow'
Finished Parsing XDC File [/home/hydrangea/project/AMD/karatsuba/karatsuba/karatsuba.gen/sources_1/ip/dsp_macro/dsp_macro/dsp_macro_in_context.xdc] for cell 'inst/u_ka128/ka64_inst1/ka32_inst2/multLow'
Parsing XDC File [/home/hydrangea/project/AMD/karatsuba/karatsuba/karatsuba.gen/sources_1/ip/dsp_macro/dsp_macro/dsp_macro_in_context.xdc] for cell 'inst/u_ka128/ka64_inst1/ka32_inst2/multMid'
Finished Parsing XDC File [/home/hydrangea/project/AMD/karatsuba/karatsuba/karatsuba.gen/sources_1/ip/dsp_macro/dsp_macro/dsp_macro_in_context.xdc] for cell 'inst/u_ka128/ka64_inst1/ka32_inst2/multMid'
Parsing XDC File [/home/hydrangea/project/AMD/karatsuba/karatsuba/karatsuba.gen/sources_1/ip/dsp_macro/dsp_macro/dsp_macro_in_context.xdc] for cell 'inst/u_ka128/ka64_inst1/ka32_inst2/multHi'
Finished Parsing XDC File [/home/hydrangea/project/AMD/karatsuba/karatsuba/karatsuba.gen/sources_1/ip/dsp_macro/dsp_macro/dsp_macro_in_context.xdc] for cell 'inst/u_ka128/ka64_inst1/ka32_inst2/multHi'
Parsing XDC File [/home/hydrangea/project/AMD/karatsuba/karatsuba/karatsuba.gen/sources_1/ip/dsp_macro/dsp_macro/dsp_macro_in_context.xdc] for cell 'inst/u_ka128/ka64_inst1/ka32_inst1/multLow'
Finished Parsing XDC File [/home/hydrangea/project/AMD/karatsuba/karatsuba/karatsuba.gen/sources_1/ip/dsp_macro/dsp_macro/dsp_macro_in_context.xdc] for cell 'inst/u_ka128/ka64_inst1/ka32_inst1/multLow'
Parsing XDC File [/home/hydrangea/project/AMD/karatsuba/karatsuba/karatsuba.gen/sources_1/ip/dsp_macro/dsp_macro/dsp_macro_in_context.xdc] for cell 'inst/u_ka128/ka64_inst1/ka32_inst1/multMid'
Finished Parsing XDC File [/home/hydrangea/project/AMD/karatsuba/karatsuba/karatsuba.gen/sources_1/ip/dsp_macro/dsp_macro/dsp_macro_in_context.xdc] for cell 'inst/u_ka128/ka64_inst1/ka32_inst1/multMid'
Parsing XDC File [/home/hydrangea/project/AMD/karatsuba/karatsuba/karatsuba.gen/sources_1/ip/dsp_macro/dsp_macro/dsp_macro_in_context.xdc] for cell 'inst/u_ka128/ka64_inst1/ka32_inst1/multHi'
Finished Parsing XDC File [/home/hydrangea/project/AMD/karatsuba/karatsuba/karatsuba.gen/sources_1/ip/dsp_macro/dsp_macro/dsp_macro_in_context.xdc] for cell 'inst/u_ka128/ka64_inst1/ka32_inst1/multHi'
Parsing XDC File [/home/hydrangea/project/AMD/karatsuba/karatsuba/karatsuba.gen/sources_1/ip/dsp_macro/dsp_macro/dsp_macro_in_context.xdc] for cell 'inst/u_ka128/ka64_inst1/ka32_inst0/multLow'
Finished Parsing XDC File [/home/hydrangea/project/AMD/karatsuba/karatsuba/karatsuba.gen/sources_1/ip/dsp_macro/dsp_macro/dsp_macro_in_context.xdc] for cell 'inst/u_ka128/ka64_inst1/ka32_inst0/multLow'
Parsing XDC File [/home/hydrangea/project/AMD/karatsuba/karatsuba/karatsuba.gen/sources_1/ip/dsp_macro/dsp_macro/dsp_macro_in_context.xdc] for cell 'inst/u_ka128/ka64_inst1/ka32_inst0/multMid'
Finished Parsing XDC File [/home/hydrangea/project/AMD/karatsuba/karatsuba/karatsuba.gen/sources_1/ip/dsp_macro/dsp_macro/dsp_macro_in_context.xdc] for cell 'inst/u_ka128/ka64_inst1/ka32_inst0/multMid'
Parsing XDC File [/home/hydrangea/project/AMD/karatsuba/karatsuba/karatsuba.gen/sources_1/ip/dsp_macro/dsp_macro/dsp_macro_in_context.xdc] for cell 'inst/u_ka128/ka64_inst1/ka32_inst0/multHi'
Finished Parsing XDC File [/home/hydrangea/project/AMD/karatsuba/karatsuba/karatsuba.gen/sources_1/ip/dsp_macro/dsp_macro/dsp_macro_in_context.xdc] for cell 'inst/u_ka128/ka64_inst1/ka32_inst0/multHi'
Parsing XDC File [/home/hydrangea/project/AMD/karatsuba/karatsuba/karatsuba.gen/sources_1/ip/dsp_macro/dsp_macro/dsp_macro_in_context.xdc] for cell 'inst/u_ka128/ka64_inst0/ka32_inst2/multLow'
Finished Parsing XDC File [/home/hydrangea/project/AMD/karatsuba/karatsuba/karatsuba.gen/sources_1/ip/dsp_macro/dsp_macro/dsp_macro_in_context.xdc] for cell 'inst/u_ka128/ka64_inst0/ka32_inst2/multLow'
Parsing XDC File [/home/hydrangea/project/AMD/karatsuba/karatsuba/karatsuba.gen/sources_1/ip/dsp_macro/dsp_macro/dsp_macro_in_context.xdc] for cell 'inst/u_ka128/ka64_inst0/ka32_inst2/multMid'
Finished Parsing XDC File [/home/hydrangea/project/AMD/karatsuba/karatsuba/karatsuba.gen/sources_1/ip/dsp_macro/dsp_macro/dsp_macro_in_context.xdc] for cell 'inst/u_ka128/ka64_inst0/ka32_inst2/multMid'
Parsing XDC File [/home/hydrangea/project/AMD/karatsuba/karatsuba/karatsuba.gen/sources_1/ip/dsp_macro/dsp_macro/dsp_macro_in_context.xdc] for cell 'inst/u_ka128/ka64_inst0/ka32_inst2/multHi'
Finished Parsing XDC File [/home/hydrangea/project/AMD/karatsuba/karatsuba/karatsuba.gen/sources_1/ip/dsp_macro/dsp_macro/dsp_macro_in_context.xdc] for cell 'inst/u_ka128/ka64_inst0/ka32_inst2/multHi'
Parsing XDC File [/home/hydrangea/project/AMD/karatsuba/karatsuba/karatsuba.gen/sources_1/ip/dsp_macro/dsp_macro/dsp_macro_in_context.xdc] for cell 'inst/u_ka128/ka64_inst0/ka32_inst1/multLow'
Finished Parsing XDC File [/home/hydrangea/project/AMD/karatsuba/karatsuba/karatsuba.gen/sources_1/ip/dsp_macro/dsp_macro/dsp_macro_in_context.xdc] for cell 'inst/u_ka128/ka64_inst0/ka32_inst1/multLow'
Parsing XDC File [/home/hydrangea/project/AMD/karatsuba/karatsuba/karatsuba.gen/sources_1/ip/dsp_macro/dsp_macro/dsp_macro_in_context.xdc] for cell 'inst/u_ka128/ka64_inst0/ka32_inst1/multMid'
Finished Parsing XDC File [/home/hydrangea/project/AMD/karatsuba/karatsuba/karatsuba.gen/sources_1/ip/dsp_macro/dsp_macro/dsp_macro_in_context.xdc] for cell 'inst/u_ka128/ka64_inst0/ka32_inst1/multMid'
Parsing XDC File [/home/hydrangea/project/AMD/karatsuba/karatsuba/karatsuba.gen/sources_1/ip/dsp_macro/dsp_macro/dsp_macro_in_context.xdc] for cell 'inst/u_ka128/ka64_inst0/ka32_inst1/multHi'
Finished Parsing XDC File [/home/hydrangea/project/AMD/karatsuba/karatsuba/karatsuba.gen/sources_1/ip/dsp_macro/dsp_macro/dsp_macro_in_context.xdc] for cell 'inst/u_ka128/ka64_inst0/ka32_inst1/multHi'
Parsing XDC File [/home/hydrangea/project/AMD/karatsuba/karatsuba/karatsuba.gen/sources_1/ip/dsp_macro/dsp_macro/dsp_macro_in_context.xdc] for cell 'inst/u_ka128/ka64_inst0/ka32_inst0/multLow'
Finished Parsing XDC File [/home/hydrangea/project/AMD/karatsuba/karatsuba/karatsuba.gen/sources_1/ip/dsp_macro/dsp_macro/dsp_macro_in_context.xdc] for cell 'inst/u_ka128/ka64_inst0/ka32_inst0/multLow'
Parsing XDC File [/home/hydrangea/project/AMD/karatsuba/karatsuba/karatsuba.gen/sources_1/ip/dsp_macro/dsp_macro/dsp_macro_in_context.xdc] for cell 'inst/u_ka128/ka64_inst0/ka32_inst0/multMid'
Finished Parsing XDC File [/home/hydrangea/project/AMD/karatsuba/karatsuba/karatsuba.gen/sources_1/ip/dsp_macro/dsp_macro/dsp_macro_in_context.xdc] for cell 'inst/u_ka128/ka64_inst0/ka32_inst0/multMid'
Parsing XDC File [/home/hydrangea/project/AMD/karatsuba/karatsuba/karatsuba.gen/sources_1/ip/dsp_macro/dsp_macro/dsp_macro_in_context.xdc] for cell 'inst/u_ka128/ka64_inst0/ka32_inst0/multHi'
Finished Parsing XDC File [/home/hydrangea/project/AMD/karatsuba/karatsuba/karatsuba.gen/sources_1/ip/dsp_macro/dsp_macro/dsp_macro_in_context.xdc] for cell 'inst/u_ka128/ka64_inst0/ka32_inst0/multHi'
Parsing XDC File [/home/hydrangea/project/AMD/karatsuba/karatsuba/karatsuba.gen/sources_1/bd/top/ip/top_kaReduced128_0_0/top_kaReduced128_0_0_ooc.xdc] for cell 'inst'
Finished Parsing XDC File [/home/hydrangea/project/AMD/karatsuba/karatsuba/karatsuba.gen/sources_1/bd/top/ip/top_kaReduced128_0_0/top_kaReduced128_0_0_ooc.xdc] for cell 'inst'
Parsing XDC File [/home/hydrangea/project/AMD/karatsuba/karatsuba/karatsuba.runs/top_kaReduced128_0_0_synth_1/dont_touch.xdc]
Finished Parsing XDC File [/home/hydrangea/project/AMD/karatsuba/karatsuba/karatsuba.runs/top_kaReduced128_0_0_synth_1/dont_touch.xdc]
Completed Processing XDC Constraints

Netlist sorting complete. Time (s): cpu = 00:00:00.01 ; elapsed = 00:00:00.01 . Memory (MB): peak = 2727.578 ; gain = 0.000 ; free physical = 9280 ; free virtual = 42253
INFO: [Project 1-111] Unisim Transformation Summary:
No Unisim elements were transformed.

Constraint Validation Runtime : Time (s): cpu = 00:00:00.54 ; elapsed = 00:00:00.22 . Memory (MB): peak = 2737.484 ; gain = 9.906 ; free physical = 9311 ; free virtual = 42285
INFO: [Designutils 20-5008] Incremental synthesis strategy off
INFO: [Synth 8-11241] undeclared symbol 'REGCCE', assumed default net type 'wire' [/tools/AMD/Vivado/2022.2/data/verilog/src/unimacro/BRAM_SINGLE_MACRO.v:2170]
---------------------------------------------------------------------------------
Finished Constraint Validation : Time (s): cpu = 00:00:12 ; elapsed = 00:00:12 . Memory (MB): peak = 2737.484 ; gain = 662.691 ; free physical = 9417 ; free virtual = 42418
Synthesis current peak Physical Memory [PSS] (MB): peak = 1784.573; parent = 1615.452; children = 169.239
Synthesis current peak Virtual Memory [VSS] (MB): peak = 3693.551; parent = 2705.473; children = 988.078
---------------------------------------------------------------------------------
---------------------------------------------------------------------------------
Start Loading Part and Timing Information
---------------------------------------------------------------------------------
Loading part: xc7z020clg484-1
---------------------------------------------------------------------------------
Finished Loading Part and Timing Information : Time (s): cpu = 00:00:12 ; elapsed = 00:00:12 . Memory (MB): peak = 2737.484 ; gain = 662.691 ; free physical = 9414 ; free virtual = 42415
Synthesis current peak Physical Memory [PSS] (MB): peak = 1784.573; parent = 1615.452; children = 169.239
Synthesis current peak Virtual Memory [VSS] (MB): peak = 3693.551; parent = 2705.473; children = 988.078
---------------------------------------------------------------------------------
---------------------------------------------------------------------------------
Start Applying 'set_property' XDC Constraints
---------------------------------------------------------------------------------
Applied set_property KEEP_HIERARCHY = SOFT for inst. (constraint file  /home/hydrangea/project/AMD/karatsuba/karatsuba/karatsuba.runs/top_kaReduced128_0_0_synth_1/dont_touch.xdc, line 15).
Applied set_property KEEP_HIERARCHY = SOFT for inst/u_blkram. (constraint file  auto generated constraint).
Applied set_property KEEP_HIERARCHY = SOFT for inst/u_ka128/ka64_inst2/ka32_inst2/multHi. (constraint file  auto generated constraint).
Applied set_property KEEP_HIERARCHY = SOFT for inst/u_ka128/ka64_inst2/ka32_inst1/multHi. (constraint file  auto generated constraint).
Applied set_property KEEP_HIERARCHY = SOFT for inst/u_ka128/ka64_inst2/ka32_inst0/multHi. (constraint file  auto generated constraint).
Applied set_property KEEP_HIERARCHY = SOFT for inst/u_ka128/ka64_inst1/ka32_inst2/multHi. (constraint file  auto generated constraint).
Applied set_property KEEP_HIERARCHY = SOFT for inst/u_ka128/ka64_inst1/ka32_inst1/multHi. (constraint file  auto generated constraint).
Applied set_property KEEP_HIERARCHY = SOFT for inst/u_ka128/ka64_inst1/ka32_inst0/multHi. (constraint file  auto generated constraint).
Applied set_property KEEP_HIERARCHY = SOFT for inst/u_ka128/ka64_inst0/ka32_inst2/multHi. (constraint file  auto generated constraint).
Applied set_property KEEP_HIERARCHY = SOFT for inst/u_ka128/ka64_inst0/ka32_inst1/multHi. (constraint file  auto generated constraint).
Applied set_property KEEP_HIERARCHY = SOFT for inst/u_ka128/ka64_inst0/ka32_inst0/multHi. (constraint file  auto generated constraint).
Applied set_property KEEP_HIERARCHY = SOFT for inst/u_ka128/ka64_inst2/ka32_inst2/multLow. (constraint file  auto generated constraint).
Applied set_property KEEP_HIERARCHY = SOFT for inst/u_ka128/ka64_inst2/ka32_inst1/multLow. (constraint file  auto generated constraint).
Applied set_property KEEP_HIERARCHY = SOFT for inst/u_ka128/ka64_inst2/ka32_inst0/multLow. (constraint file  auto generated constraint).
Applied set_property KEEP_HIERARCHY = SOFT for inst/u_ka128/ka64_inst1/ka32_inst2/multLow. (constraint file  auto generated constraint).
Applied set_property KEEP_HIERARCHY = SOFT for inst/u_ka128/ka64_inst1/ka32_inst1/multLow. (constraint file  auto generated constraint).
Applied set_property KEEP_HIERARCHY = SOFT for inst/u_ka128/ka64_inst1/ka32_inst0/multLow. (constraint file  auto generated constraint).
Applied set_property KEEP_HIERARCHY = SOFT for inst/u_ka128/ka64_inst0/ka32_inst2/multLow. (constraint file  auto generated constraint).
Applied set_property KEEP_HIERARCHY = SOFT for inst/u_ka128/ka64_inst0/ka32_inst1/multLow. (constraint file  auto generated constraint).
Applied set_property KEEP_HIERARCHY = SOFT for inst/u_ka128/ka64_inst0/ka32_inst0/multLow. (constraint file  auto generated constraint).
Applied set_property KEEP_HIERARCHY = SOFT for inst/u_ka128/ka64_inst2/ka32_inst2/multMid. (constraint file  auto generated constraint).
Applied set_property KEEP_HIERARCHY = SOFT for inst/u_ka128/ka64_inst2/ka32_inst1/multMid. (constraint file  auto generated constraint).
Applied set_property KEEP_HIERARCHY = SOFT for inst/u_ka128/ka64_inst2/ka32_inst0/multMid. (constraint file  auto generated constraint).
Applied set_property KEEP_HIERARCHY = SOFT for inst/u_ka128/ka64_inst1/ka32_inst2/multMid. (constraint file  auto generated constraint).
Applied set_property KEEP_HIERARCHY = SOFT for inst/u_ka128/ka64_inst1/ka32_inst1/multMid. (constraint file  auto generated constraint).
Applied set_property KEEP_HIERARCHY = SOFT for inst/u_ka128/ka64_inst1/ka32_inst0/multMid. (constraint file  auto generated constraint).
Applied set_property KEEP_HIERARCHY = SOFT for inst/u_ka128/ka64_inst0/ka32_inst2/multMid. (constraint file  auto generated constraint).
Applied set_property KEEP_HIERARCHY = SOFT for inst/u_ka128/ka64_inst0/ka32_inst1/multMid. (constraint file  auto generated constraint).
Applied set_property KEEP_HIERARCHY = SOFT for inst/u_ka128/ka64_inst0/ka32_inst0/multMid. (constraint file  auto generated constraint).
---------------------------------------------------------------------------------
Finished applying 'set_property' XDC Constraints : Time (s): cpu = 00:00:12 ; elapsed = 00:00:12 . Memory (MB): peak = 2737.484 ; gain = 662.691 ; free physical = 9424 ; free virtual = 42425
Synthesis current peak Physical Memory [PSS] (MB): peak = 1784.573; parent = 1615.452; children = 169.239
Synthesis current peak Virtual Memory [VSS] (MB): peak = 3693.551; parent = 2705.473; children = 988.078
---------------------------------------------------------------------------------
---------------------------------------------------------------------------------
Finished RTL Optimization Phase 2 : Time (s): cpu = 00:00:13 ; elapsed = 00:00:13 . Memory (MB): peak = 2737.484 ; gain = 662.691 ; free physical = 9376 ; free virtual = 42380
Synthesis current peak Physical Memory [PSS] (MB): peak = 1784.573; parent = 1615.452; children = 169.239
Synthesis current peak Virtual Memory [VSS] (MB): peak = 3693.551; parent = 2705.473; children = 988.078
---------------------------------------------------------------------------------
---------------------------------------------------------------------------------
Start RTL Component Statistics 
---------------------------------------------------------------------------------
Detailed RTL Component Info : 
+---Adders : 
	   3 Input  256 Bit       Adders := 1     
	   7 Input  130 Bit       Adders := 1     
	   3 Input  128 Bit       Adders := 3     
	   7 Input   66 Bit       Adders := 3     
	   2 Input   65 Bit       Adders := 2     
	   3 Input   65 Bit       Adders := 32    
	   3 Input   64 Bit       Adders := 9     
	   7 Input   34 Bit       Adders := 9     
	   2 Input   33 Bit       Adders := 6     
	   2 Input   17 Bit       Adders := 18    
	   2 Input    7 Bit       Adders := 2     
	   2 Input    6 Bit       Adders := 4     
	   2 Input    5 Bit       Adders := 1     
	   2 Input    4 Bit       Adders := 1     
+---Registers : 
	             2048 Bit    Registers := 4     
	              256 Bit    Registers := 2     
	              130 Bit    Registers := 1     
	              128 Bit    Registers := 23    
	               66 Bit    Registers := 3     
	               65 Bit    Registers := 52    
	               64 Bit    Registers := 81    
	               34 Bit    Registers := 9     
	               33 Bit    Registers := 42    
	               32 Bit    Registers := 30    
	               17 Bit    Registers := 72    
	               16 Bit    Registers := 36    
	                7 Bit    Registers := 1     
	                6 Bit    Registers := 3     
	                5 Bit    Registers := 1     
	                1 Bit    Registers := 10    
+---Muxes : 
	   2 Input 2048 Bit        Muxes := 9     
	   2 Input  128 Bit        Muxes := 4     
	   2 Input   64 Bit        Muxes := 6     
	   2 Input   32 Bit        Muxes := 18    
	   2 Input    7 Bit        Muxes := 1     
	   2 Input    6 Bit        Muxes := 6     
	   2 Input    5 Bit        Muxes := 3     
	   2 Input    1 Bit        Muxes := 24    
---------------------------------------------------------------------------------
Finished RTL Component Statistics 
---------------------------------------------------------------------------------
---------------------------------------------------------------------------------
Start Part Resource Summary
---------------------------------------------------------------------------------
Part Resources:
DSPs: 220 (col length:60)
BRAMs: 280 (col length: RAMB18 60 RAMB36 30)
---------------------------------------------------------------------------------
Finished Part Resource Summary
---------------------------------------------------------------------------------
---------------------------------------------------------------------------------
Start Cross Boundary and Area Optimization
---------------------------------------------------------------------------------
WARNING: [Synth 8-7080] Parallel synthesis criteria is not met
CRITICAL WARNING: [Synth 8-6859] multi-driven net on pin Q with 1st driver pin 'inst/i_2/enb_reg[2]__0/Q' [/home/hydrangea/project/AMD/karatsuba/karatsuba/karatsuba.srcs/sources_1/new/kaReduced128.v:151]
CRITICAL WARNING: [Synth 8-6859] multi-driven net on pin Q with 2nd driver pin 'GND' [/home/hydrangea/project/AMD/karatsuba/karatsuba/karatsuba.srcs/sources_1/new/kaReduced128.v:151]
CRITICAL WARNING: [Synth 8-6858] multi-driven net Q is connected to at least one constant driver which has been preserved, other driver is ignored [/home/hydrangea/project/AMD/karatsuba/karatsuba/karatsuba.srcs/sources_1/new/kaReduced128.v:151]
CRITICAL WARNING: [Synth 8-6859] multi-driven net on pin Q with 1st driver pin 'inst/i_2/enb_reg[1]__0/Q' [/home/hydrangea/project/AMD/karatsuba/karatsuba/karatsuba.srcs/sources_1/new/kaReduced128.v:151]
CRITICAL WARNING: [Synth 8-6859] multi-driven net on pin Q with 2nd driver pin 'GND' [/home/hydrangea/project/AMD/karatsuba/karatsuba/karatsuba.srcs/sources_1/new/kaReduced128.v:151]
CRITICAL WARNING: [Synth 8-6858] multi-driven net Q is connected to at least one constant driver which has been preserved, other driver is ignored [/home/hydrangea/project/AMD/karatsuba/karatsuba/karatsuba.srcs/sources_1/new/kaReduced128.v:151]
---------------------------------------------------------------------------------
Finished Cross Boundary and Area Optimization : Time (s): cpu = 00:00:32 ; elapsed = 00:00:34 . Memory (MB): peak = 2737.484 ; gain = 662.691 ; free physical = 10778 ; free virtual = 43864
Synthesis current peak Physical Memory [PSS] (MB): peak = 2050.255; parent = 1844.480; children = 205.775
Synthesis current peak Virtual Memory [VSS] (MB): peak = 3693.551; parent = 2705.473; children = 988.078
---------------------------------------------------------------------------------
---------------------------------------------------------------------------------
Start Applying XDC Timing Constraints
---------------------------------------------------------------------------------
---------------------------------------------------------------------------------
Finished Applying XDC Timing Constraints : Time (s): cpu = 00:00:35 ; elapsed = 00:00:38 . Memory (MB): peak = 2737.484 ; gain = 662.691 ; free physical = 10743 ; free virtual = 43842
Synthesis current peak Physical Memory [PSS] (MB): peak = 2050.255; parent = 1844.480; children = 205.775
Synthesis current peak Virtual Memory [VSS] (MB): peak = 3693.551; parent = 2705.473; children = 988.078
---------------------------------------------------------------------------------
---------------------------------------------------------------------------------
Start Timing Optimization
---------------------------------------------------------------------------------
---------------------------------------------------------------------------------
Finished Timing Optimization : Time (s): cpu = 00:00:39 ; elapsed = 00:00:42 . Memory (MB): peak = 2737.484 ; gain = 662.691 ; free physical = 10675 ; free virtual = 43787
Synthesis current peak Physical Memory [PSS] (MB): peak = 2094.488; parent = 1888.717; children = 205.775
Synthesis current peak Virtual Memory [VSS] (MB): peak = 3711.559; parent = 2723.480; children = 988.078
---------------------------------------------------------------------------------
---------------------------------------------------------------------------------
Start Technology Mapping
---------------------------------------------------------------------------------
---------------------------------------------------------------------------------
Finished Technology Mapping : Time (s): cpu = 00:00:47 ; elapsed = 00:00:50 . Memory (MB): peak = 2737.484 ; gain = 662.691 ; free physical = 10667 ; free virtual = 43802
Synthesis current peak Physical Memory [PSS] (MB): peak = 2094.488; parent = 1888.717; children = 205.775
Synthesis current peak Virtual Memory [VSS] (MB): peak = 3724.973; parent = 2736.895; children = 988.078
---------------------------------------------------------------------------------
---------------------------------------------------------------------------------
Start IO Insertion
---------------------------------------------------------------------------------
---------------------------------------------------------------------------------
Start Flattening Before IO Insertion
---------------------------------------------------------------------------------
---------------------------------------------------------------------------------
Finished Flattening Before IO Insertion
---------------------------------------------------------------------------------
---------------------------------------------------------------------------------
Start Final Netlist Cleanup
---------------------------------------------------------------------------------
---------------------------------------------------------------------------------
Finished Final Netlist Cleanup
---------------------------------------------------------------------------------
---------------------------------------------------------------------------------
Finished IO Insertion : Time (s): cpu = 00:00:51 ; elapsed = 00:00:55 . Memory (MB): peak = 2737.484 ; gain = 662.691 ; free physical = 10652 ; free virtual = 43799
Synthesis current peak Physical Memory [PSS] (MB): peak = 2094.488; parent = 1888.717; children = 205.775
Synthesis current peak Virtual Memory [VSS] (MB): peak = 3724.973; parent = 2736.895; children = 988.078
---------------------------------------------------------------------------------
---------------------------------------------------------------------------------
Start Renaming Generated Instances
---------------------------------------------------------------------------------
---------------------------------------------------------------------------------
Finished Renaming Generated Instances : Time (s): cpu = 00:00:51 ; elapsed = 00:00:55 . Memory (MB): peak = 2737.484 ; gain = 662.691 ; free physical = 10650 ; free virtual = 43797
Synthesis current peak Physical Memory [PSS] (MB): peak = 2094.488; parent = 1888.717; children = 205.775
Synthesis current peak Virtual Memory [VSS] (MB): peak = 3724.973; parent = 2736.895; children = 988.078
---------------------------------------------------------------------------------
---------------------------------------------------------------------------------
Start Rebuilding User Hierarchy
---------------------------------------------------------------------------------
---------------------------------------------------------------------------------
Finished Rebuilding User Hierarchy : Time (s): cpu = 00:00:53 ; elapsed = 00:00:57 . Memory (MB): peak = 2737.484 ; gain = 662.691 ; free physical = 10662 ; free virtual = 43815
Synthesis current peak Physical Memory [PSS] (MB): peak = 2098.984; parent = 1893.213; children = 205.775
Synthesis current peak Virtual Memory [VSS] (MB): peak = 3724.973; parent = 2736.895; children = 988.078
---------------------------------------------------------------------------------
---------------------------------------------------------------------------------
Start Renaming Generated Ports
---------------------------------------------------------------------------------
---------------------------------------------------------------------------------
Finished Renaming Generated Ports : Time (s): cpu = 00:00:53 ; elapsed = 00:00:57 . Memory (MB): peak = 2737.484 ; gain = 662.691 ; free physical = 10664 ; free virtual = 43818
Synthesis current peak Physical Memory [PSS] (MB): peak = 2099.063; parent = 1893.292; children = 205.775
Synthesis current peak Virtual Memory [VSS] (MB): peak = 3724.973; parent = 2736.895; children = 988.078
---------------------------------------------------------------------------------
---------------------------------------------------------------------------------
Start Handling Custom Attributes
---------------------------------------------------------------------------------
---------------------------------------------------------------------------------
Finished Handling Custom Attributes : Time (s): cpu = 00:00:55 ; elapsed = 00:00:58 . Memory (MB): peak = 2737.484 ; gain = 662.691 ; free physical = 10662 ; free virtual = 43819
Synthesis current peak Physical Memory [PSS] (MB): peak = 2099.302; parent = 1893.530; children = 205.775
Synthesis current peak Virtual Memory [VSS] (MB): peak = 3724.973; parent = 2736.895; children = 988.078
---------------------------------------------------------------------------------
---------------------------------------------------------------------------------
Start Renaming Generated Nets
---------------------------------------------------------------------------------
---------------------------------------------------------------------------------
Finished Renaming Generated Nets : Time (s): cpu = 00:00:55 ; elapsed = 00:00:58 . Memory (MB): peak = 2737.484 ; gain = 662.691 ; free physical = 10661 ; free virtual = 43819
Synthesis current peak Physical Memory [PSS] (MB): peak = 2099.302; parent = 1893.530; children = 205.775
Synthesis current peak Virtual Memory [VSS] (MB): peak = 3724.973; parent = 2736.895; children = 988.078
---------------------------------------------------------------------------------
---------------------------------------------------------------------------------
Start ROM, RAM, DSP, Shift Register and Retiming Reporting
---------------------------------------------------------------------------------

Static Shift Register Report:
+-------------+------------------------------------------------+--------+-------+--------------+--------------------+-------------------+--------+---------+
|Module Name  | RTL Name                                       | Length | Width | Reset Signal | Pull out first Reg | Pull out last Reg | SRL16E | SRLC32E | 
+-------------+------------------------------------------------+--------+-------+--------------+--------------------+-------------------+--------+---------+
|kaReduced128 | u_ka128/ka64_inst2/ka32_inst2/bSumD_reg[3][16] | 4      | 1     | YES          | NO                 | YES               | 1      | 0       | 
|kaReduced128 | u_ka128/ka64_inst2/ka32_inst2/aSumD_reg[3][16] | 4      | 1     | YES          | NO                 | YES               | 1      | 0       | 
|kaReduced128 | u_ka128/ka64_inst2/ka32_inst1/bSumD_reg[3][16] | 4      | 1     | YES          | NO                 | YES               | 1      | 0       | 
|kaReduced128 | u_ka128/ka64_inst2/ka32_inst1/aSumD_reg[3][16] | 4      | 1     | YES          | NO                 | YES               | 1      | 0       | 
|kaReduced128 | u_ka128/ka64_inst2/ka32_inst0/bSumD_reg[3][16] | 4      | 1     | YES          | NO                 | YES               | 1      | 0       | 
|kaReduced128 | u_ka128/ka64_inst2/ka32_inst0/aSumD_reg[3][16] | 4      | 1     | YES          | NO                 | YES               | 1      | 0       | 
|kaReduced128 | u_ka128/ka64_inst2/bSumD_reg[6][32]            | 7      | 1     | YES          | NO                 | YES               | 1      | 0       | 
|kaReduced128 | u_ka128/ka64_inst2/bSumD_reg[6][31]            | 5      | 32    | YES          | NO                 | YES               | 32     | 0       | 
|kaReduced128 | u_ka128/ka64_inst2/aSumD_reg[6][32]            | 7      | 1     | YES          | NO                 | YES               | 1      | 0       | 
|kaReduced128 | u_ka128/ka64_inst2/aSumD_reg[6][31]            | 5      | 32    | YES          | NO                 | YES               | 32     | 0       | 
|kaReduced128 | u_ka128/ka64_inst1/ka32_inst2/bSumD_reg[3][16] | 4      | 1     | YES          | NO                 | YES               | 1      | 0       | 
|kaReduced128 | u_ka128/ka64_inst1/ka32_inst2/aSumD_reg[3][16] | 4      | 1     | YES          | NO                 | YES               | 1      | 0       | 
|kaReduced128 | u_ka128/ka64_inst1/ka32_inst1/bSumD_reg[3][16] | 4      | 1     | YES          | NO                 | YES               | 1      | 0       | 
|kaReduced128 | u_ka128/ka64_inst1/ka32_inst1/aSumD_reg[3][16] | 4      | 1     | YES          | NO                 | YES               | 1      | 0       | 
|kaReduced128 | u_ka128/ka64_inst1/ka32_inst0/bSumD_reg[3][16] | 4      | 1     | YES          | NO                 | YES               | 1      | 0       | 
|kaReduced128 | u_ka128/ka64_inst1/ka32_inst0/aSumD_reg[3][16] | 4      | 1     | YES          | NO                 | YES               | 1      | 0       | 
|kaReduced128 | u_ka128/ka64_inst1/bSumD_reg[6][32]            | 7      | 1     | YES          | NO                 | YES               | 1      | 0       | 
|kaReduced128 | u_ka128/ka64_inst1/bSumD_reg[6][31]            | 5      | 32    | YES          | NO                 | YES               | 32     | 0       | 
|kaReduced128 | u_ka128/ka64_inst1/aSumD_reg[6][32]            | 7      | 1     | YES          | NO                 | YES               | 1      | 0       | 
|kaReduced128 | u_ka128/ka64_inst1/aSumD_reg[6][31]            | 5      | 32    | YES          | NO                 | YES               | 32     | 0       | 
|kaReduced128 | u_ka128/ka64_inst0/ka32_inst2/bSumD_reg[3][16] | 4      | 1     | YES          | NO                 | YES               | 1      | 0       | 
|kaReduced128 | u_ka128/ka64_inst0/ka32_inst2/aSumD_reg[3][16] | 4      | 1     | YES          | NO                 | YES               | 1      | 0       | 
|kaReduced128 | u_ka128/ka64_inst0/ka32_inst1/bSumD_reg[3][16] | 4      | 1     | YES          | NO                 | YES               | 1      | 0       | 
|kaReduced128 | u_ka128/ka64_inst0/ka32_inst1/aSumD_reg[3][16] | 4      | 1     | YES          | NO                 | YES               | 1      | 0       | 
|kaReduced128 | u_ka128/ka64_inst0/ka32_inst0/bSumD_reg[3][16] | 4      | 1     | YES          | NO                 | YES               | 1      | 0       | 
|kaReduced128 | u_ka128/ka64_inst0/ka32_inst0/aSumD_reg[3][16] | 4      | 1     | YES          | NO                 | YES               | 1      | 0       | 
|kaReduced128 | u_ka128/ka64_inst0/bSumD_reg[6][32]            | 7      | 1     | YES          | NO                 | YES               | 1      | 0       | 
|kaReduced128 | u_ka128/ka64_inst0/bSumD_reg[6][31]            | 5      | 32    | YES          | NO                 | YES               | 32     | 0       | 
|kaReduced128 | u_ka128/ka64_inst0/aSumD_reg[6][32]            | 7      | 1     | YES          | NO                 | YES               | 1      | 0       | 
|kaReduced128 | u_ka128/ka64_inst0/aSumD_reg[6][31]            | 5      | 32    | YES          | NO                 | YES               | 32     | 0       | 
|kaReduced128 | u_ka128/bSumD_reg[9][64]                       | 10     | 1     | YES          | NO                 | YES               | 1      | 0       | 
|kaReduced128 | u_ka128/bSumD_reg[9][63]                       | 7      | 64    | YES          | NO                 | YES               | 64     | 0       | 
|kaReduced128 | u_ka128/aSumD_reg[9][64]                       | 10     | 1     | YES          | NO                 | YES               | 1      | 0       | 
|kaReduced128 | u_ka128/aSumD_reg[9][63]                       | 7      | 64    | YES          | NO                 | YES               | 64     | 0       | 
+-------------+------------------------------------------------+--------+-------+--------------+--------------------+-------------------+--------+---------+

---------------------------------------------------------------------------------
Finished ROM, RAM, DSP, Shift Register and Retiming Reporting
---------------------------------------------------------------------------------
---------------------------------------------------------------------------------
Start Writing Synthesis Report
---------------------------------------------------------------------------------

Report BlackBoxes: 
+------+--------------+----------+
|      |BlackBox name |Instances |
+------+--------------+----------+
|1     |blk_mem_gen_0 |         1|
|2     |dsp_macro     |        27|
+------+--------------+----------+

Report Cell Usage: 
+------+------------+------+
|      |Cell        |Count |
+------+------------+------+
|1     |blk_mem_gen |     1|
|2     |dsp_macro   |    27|
|29    |CARRY4      |  1327|
|30    |LUT1        |   611|
|31    |LUT2        | 11231|
|32    |LUT3        |   631|
|33    |LUT4        |  1087|
|34    |LUT5        |  2585|
|35    |LUT6        |  2523|
|36    |MUXF7       |   256|
|37    |SRL16E      |   346|
|38    |FDCE        | 23006|
|39    |FDPE        |     2|
|40    |FDRE        |   346|
+------+------------+------+
---------------------------------------------------------------------------------
Finished Writing Synthesis Report : Time (s): cpu = 00:00:55 ; elapsed = 00:00:59 . Memory (MB): peak = 2737.484 ; gain = 662.691 ; free physical = 10666 ; free virtual = 43824
Synthesis current peak Physical Memory [PSS] (MB): peak = 2099.302; parent = 1893.530; children = 205.775
Synthesis current peak Virtual Memory [VSS] (MB): peak = 3724.973; parent = 2736.895; children = 988.078
---------------------------------------------------------------------------------
Synthesis finished with 0 errors, 6 critical warnings and 1 warnings.
Synthesis Optimization Runtime : Time (s): cpu = 00:00:50 ; elapsed = 00:00:55 . Memory (MB): peak = 2737.484 ; gain = 497.035 ; free physical = 10704 ; free virtual = 43863
Synthesis Optimization Complete : Time (s): cpu = 00:00:55 ; elapsed = 00:00:59 . Memory (MB): peak = 2737.484 ; gain = 662.691 ; free physical = 10702 ; free virtual = 43861
INFO: [Project 1-571] Translating synthesized netlist
Netlist sorting complete. Time (s): cpu = 00:00:00.24 ; elapsed = 00:00:00.24 . Memory (MB): peak = 2737.484 ; gain = 0.000 ; free physical = 10797 ; free virtual = 43959
INFO: [Netlist 29-17] Analyzing 1583 Unisim elements for replacement
INFO: [Netlist 29-28] Unisim Transformation completed in 0 CPU seconds
INFO: [Project 1-570] Preparing netlist for logic optimization
INFO: [Opt 31-138] Pushed 0 inverter(s) to 0 load pin(s).
Netlist sorting complete. Time (s): cpu = 00:00:00.01 ; elapsed = 00:00:00 . Memory (MB): peak = 2763.871 ; gain = 0.000 ; free physical = 10723 ; free virtual = 43892
INFO: [Project 1-111] Unisim Transformation Summary:
No Unisim elements were transformed.

Synth Design complete, checksum: c6a9eaf0
INFO: [Common 17-83] Releasing license: Synthesis
37 Infos, 102 Warnings, 6 Critical Warnings and 0 Errors encountered.
synth_design completed successfully
synth_design: Time (s): cpu = 00:01:04 ; elapsed = 00:01:06 . Memory (MB): peak = 2763.871 ; gain = 1020.672 ; free physical = 10968 ; free virtual = 44138
INFO: [runtcl-6] Synthesis results are not added to the cache due to CRITICAL_WARNING
INFO: [Coretcl 2-1174] Renamed 17 cell refs.
INFO: [Common 17-1381] The checkpoint '/home/hydrangea/project/AMD/karatsuba/karatsuba/karatsuba.runs/top_kaReduced128_0_0_synth_1/top_kaReduced128_0_0.dcp' has been generated.
INFO: [runtcl-4] Executing : report_utilization -file top_kaReduced128_0_0_utilization_synth.rpt -pb top_kaReduced128_0_0_utilization_synth.pb
INFO: [Common 17-206] Exiting Vivado at Mon Jun  2 22:48:03 2025...
